c:\users\yukari\desktop\terminal\aobscanner\release\aobscanner.pch
c:\users\yukari\desktop\terminal\aobscanner\release\stdafx.obj
c:\users\yukari\desktop\terminal\aobscanner\release\main.obj
c:\users\yukari\desktop\terminal\aobscanner\release\moc_cprocessdialog.obj
c:\users\yukari\desktop\terminal\aobscanner\release\moc_cmainwindow.obj
c:\users\yukari\desktop\terminal\aobscanner\release\moc_cintdelegate.obj
c:\users\yukari\desktop\terminal\aobscanner\release\moc_ccomboboxdelegate.obj
c:\users\yukari\desktop\terminal\aobscanner\release\findpattern.obj
c:\users\yukari\desktop\terminal\aobscanner\release\cprocessdialog.obj
c:\users\yukari\desktop\terminal\aobscanner\release\cmainwindow.obj
c:\users\yukari\desktop\terminal\aobscanner\release\cintdelegate.obj
c:\users\yukari\desktop\terminal\aobscanner\release\ccomboboxdelegate.obj
c:\users\yukari\desktop\terminal\aobscanner\release\qrc_aobscanner.obj
c:\users\yukari\desktop\terminal\aobscanner\release\moc_cfindpatternworker.obj
c:\users\yukari\desktop\terminal\aobscanner\release\cfindpatternworker.obj
c:\users\yukari\desktop\terminal\aobscanner\generatedfiles\release\moc_cprocessdialog.cpp
c:\users\yukari\desktop\terminal\aobscanner\generatedfiles\release\moc_cintdelegate.cpp
c:\users\yukari\desktop\terminal\aobscanner\generatedfiles\qrc_aobscanner.cpp
c:\users\yukari\desktop\terminal\aobscanner\generatedfiles\release\moc_ccomboboxdelegate.cpp
c:\users\yukari\desktop\terminal\aobscanner\generatedfiles\release\moc_cmainwindow.cpp
c:\users\yukari\desktop\terminal\aobscanner\generatedfiles\release\moc_cfindpatternworker.cpp
c:\users\yukari\desktop\terminal\win32\release\aobscanner.pdb
c:\users\yukari\desktop\terminal\aobscanner\release\aobscanner.tlog\cl.command.1.tlog
c:\users\yukari\desktop\terminal\aobscanner\release\aobscanner.tlog\cl.read.1.tlog
c:\users\yukari\desktop\terminal\aobscanner\release\aobscanner.tlog\cl.write.1.tlog
c:\users\yukari\desktop\terminal\aobscanner\release\aobscanner.tlog\custombuild.command.1.tlog
c:\users\yukari\desktop\terminal\aobscanner\release\aobscanner.tlog\custombuild.read.1.tlog
c:\users\yukari\desktop\terminal\aobscanner\release\aobscanner.tlog\custombuild.write.1.tlog
c:\users\yukari\desktop\terminal\aobscanner\release\aobscanner.tlog\link.command.1.tlog
c:\users\yukari\desktop\terminal\aobscanner\release\aobscanner.tlog\link.read.1.tlog
c:\users\yukari\desktop\terminal\aobscanner\release\aobscanner.tlog\link.write.1.tlog
